  AlgoUtilities.cpp
c:\users\mbondare\downloads\fx adjoint\algorithms\algoutilities.h(86): error C2955: 'std::vector': use of class template requires template argument list
  c:\program files (x86)\microsoft visual studio\2017\community\vc\tools\msvc\14.10.25017\include\vector(700): note: see declaration of 'std::vector'
  c:\users\mbondare\downloads\fx adjoint\algorithms\algoutilities.h(98): note: see reference to class template instantiation 'AlgoUtilities::Matrix<T>' being compiled
c:\program files (x86)\microsoft visual studio\2017\community\vc\tools\msvc\14.10.25017\include\vector(698): error C2955: 'std::vector': use of class template requires template argument list
  c:\program files (x86)\microsoft visual studio\2017\community\vc\tools\msvc\14.10.25017\include\vector(700): note: see declaration of 'std::vector'
c:\users\mbondare\downloads\fx adjoint\algorithms\algoutilities.h(107): warning C4091: 'static ': ignored on left of 'AlgoUtilities::DealData3D' when no variable is declared
c:\users\mbondare\downloads\fx adjoint\algorithms\algoutilities.h(116): warning C4091: 'static ': ignored on left of 'AlgoUtilities::MarketData3D' when no variable is declared
c:\users\mbondare\downloads\fx adjoint\algorithms\algoutilities.h(124): warning C4091: 'static ': ignored on left of 'AlgoUtilities::DealData' when no variable is declared
c:\users\mbondare\downloads\fx adjoint\algorithms\algoutilities.h(134): warning C4091: 'static ': ignored on left of 'AlgoUtilities::MarketData' when no variable is declared
c:\users\mbondare\downloads\fx adjoint\algorithms\algoutilities.cpp(34): error C2440: '=': cannot convert from 'initializer list' to 'AlgoUtilities::Matrix<double> *'
  c:\users\mbondare\downloads\fx adjoint\algorithms\algoutilities.cpp(34): note: The initializer contains too many elements
c:\users\mbondare\downloads\fx adjoint\algorithms\algoutilities.cpp(359): error C2065: 'g': undeclared identifier
c:\users\mbondare\downloads\fx adjoint\algorithms\algoutilities.cpp(360): error C2065: 'g': undeclared identifier
c:\users\mbondare\downloads\fx adjoint\algorithms\algoutilities.cpp(372): error C2440: '=': cannot convert from 'AlgoUtilities::Matrix<double>' to 'AlgoUtilities::Matrix<double> *'
  c:\users\mbondare\downloads\fx adjoint\algorithms\algoutilities.cpp(372): note: No user-defined-conversion operator available that can perform this conversion, or the operator cannot be called
c:\users\mbondare\downloads\fx adjoint\algorithms\algoutilities.cpp(832): error C2678: binary '-': no operator found which takes a left-hand operand of type 'AlgoUtilities::Matrix<double>' (or there is no acceptable conversion)
  c:\users\mbondare\downloads\fx adjoint\algorithms\algoutilities.h(47): note: could be 'AlgoUtilities::Matrix<double> &AlgoUtilities::Matrix<double>::operator -(AlgoUtilities::Matrix<double>)'
  c:\users\mbondare\downloads\fx adjoint\algorithms\algoutilities.cpp(832): note: or       'built-in C++ operator-(AlgoUtilities::Matrix<double> *, AlgoUtilities::Matrix<double> *)'
  c:\users\mbondare\downloads\fx adjoint\algorithms\algoutilities.cpp(832): note: while trying to match the argument list '(AlgoUtilities::Matrix<double>, AlgoUtilities::Matrix<double> *)'
c:\users\mbondare\downloads\fx adjoint\algorithms\algoutilities.cpp(832): error C2228: left of '.sumOfElements' must have class/struct/union
c:\users\mbondare\downloads\fx adjoint\algorithms\algoutilities.cpp(850): error C2440: 'initializing': cannot convert from 'AlgoUtilities::Matrix<double> *' to 'AlgoUtilities::Matrix<double>'
  c:\users\mbondare\downloads\fx adjoint\algorithms\algoutilities.cpp(850): note: No constructor could take the source type, or constructor overload resolution was ambiguous
